[Mon Mar 17 21:41:39.853701 2025] [mpm_winnt:notice] [pid 5216:tid 472] AH00455: Apache/2.4.63 (Win64) mod_wsgi/5.0.2 Python/3.13 configured -- resuming normal operations
[Mon Mar 17 21:41:39.854707 2025] [mpm_winnt:notice] [pid 5216:tid 472] AH00456: Apache Lounge VS17 Server built: Feb  3 2025 10:10:51
[Mon Mar 17 21:41:39.854707 2025] [core:notice] [pid 5216:tid 472] AH00094: Command line: 'C:\\iamyukino.cn\\apache24\\bin\\httpd.exe -d C:/iamyukino.cn/apache24'
[Mon Mar 17 21:41:39.858930 2025] [mpm_winnt:notice] [pid 5216:tid 472] AH00418: Parent: Created child process 20824
Apache server interrupted...
025] [mpm_winnt:notice] [pid 20824:tid 460] AH00354: Child: Starting 64 worker threads.
[Mon Mar 17 21:42:40.502186 2025] [mpm_winnt:notice] [pid 5216:tid 472] AH00422: Parent: Received shutdown signal -- Shutting down the server.
Apache server interrupted...
[Mon Mar 17 21:43:10.510667 2025] [mpm_winnt:notice] [pid 5216:tid 472] AH00431: Parent: Forcing termination of child process 20824
Starting the 'iamyukino.cn' service
The 'iamyukino.cn' service is running.
AH00558: httpd.exe: Could not reliably determine the server's fully qualified domain name, using fe80::be3b:76d5:b29d:2714. Set the 'ServerName' directive globally to suppress this message
[Mon Mar 17 22:32:46.441693 2025] [mpm_winnt:notice] [pid 14948:tid 444] AH00455: Apache/2.4.63 (Win64) configured -- resuming normal operations
[Mon Mar 17 22:32:46.441693 2025] [mpm_winnt:notice] [pid 14948:tid 444] AH00456: Apache Lounge VS17 Server built: Feb  3 2025 10:10:51
[Mon Mar 17 22:32:46.441693 2025] [core:notice] [pid 14948:tid 444] AH00094: Command line: 'C:\\iamyukino.cn\\apache24\\bin\\httpd.exe -d C:/iamyukino.cn/apache24'
[Mon Mar 17 22:32:46.445251 2025] [mpm_winnt:notice] [pid 14948:tid 444] AH00418: Parent: Created child process 20888
AH00558: httpd.exe: Could not reliably determine the server's fully qualified domain name, using fe80::be3b:76d5:b29d:2714. Set the 'ServerName' directive globally to suppress this message
Apache server interrupted...
 reliably determine the server's fully qualified domain name, using fe80::be3b:76d5:b29d:2714. Set the 'ServerName' directive globally to suppress this message
[Mon Mar 17 22:32:46.871138 2025] [mpm_winnt:notice] [pid 20888:tid 452] AH00354: Child: Starting 64 worker threads.
[Mon Mar 17 22:33:06.001263 2025] [mpm_winnt:notice] [pid 14948:tid 444] AH00422: Parent: Received shutdown signal -- Shutting down the server.
[Mon Mar 17 22:33:08.015913 2025] [mpm_winnt:notice] [pid 20888:tid 452] AH00364: Child: All worker threads have exited.
[Mon Mar 17 22:33:08.034876 2025] [mpm_winnt:notice] [pid 14948:tid 444] AH00430: Parent: Child process 20888 exited successfully.
[Mon Mar 17 22:33:09.216732 2025] [mpm_winnt:notice] [pid 20988:tid 464] AH00455: Apache/2.4.63 (Win64) configured -- resuming normal operations
[Mon Mar 17 22:33:09.217764 2025] [mpm_winnt:notice] [pid 20988:tid 464] AH00456: Apache Lounge VS17 Server built: Feb  3 2025 10:10:51
[Mon Mar 17 22:33:09.217764 2025] [core:notice] [pid 20988:tid 464] AH00094: Command line: 'C:\\iamyukino.cn\\apache24\\bin\\httpd.exe -d C:/iamyukino.cn/apache24'
[Mon Mar 17 22:33:09.220890 2025] [mpm_winnt:notice] [pid 20988:tid 464] AH00418: Parent: Created child process 16812
Apache server interrupted...
025] [mpm_winnt:notice] [pid 16812:tid 444] AH00354: Child: Starting 64 worker threads.
[Mon Mar 17 22:33:20.062812 2025] [core:crit] [pid 16812:tid 1060] [client 127.0.0.1:32612] AH00025: configuration error:  couldn't check user: /
[Mon Mar 17 22:33:44.888117 2025] [mpm_winnt:notice] [pid 20988:tid 464] AH00422: Parent: Received shutdown signal -- Shutting down the server.
Apache server interrupted...
Apache server interrupted...
[Mon Mar 17 22:34:02.248109 2025] [core:crit] [pid 16812:tid 1056] [client 127.0.0.1:32619] AH00025: configuration error:  couldn't check user: /
[Mon Mar 17 22:34:02.318839 2025] [mpm_winnt:notice] [pid 16812:tid 444] AH00364: Child: All worker threads have exited.
[Mon Mar 17 22:34:02.338595 2025] [mpm_winnt:notice] [pid 20988:tid 464] AH00430: Parent: Child process 16812 exited successfully.
[Mon Mar 17 22:34:29.500363 2025] [mpm_winnt:notice] [pid 1356:tid 460] AH00455: Apache/2.4.63 (Win64) configured -- resuming normal operations
[Mon Mar 17 22:34:29.501370 2025] [mpm_winnt:notice] [pid 1356:tid 460] AH00456: Apache Lounge VS17 Server built: Feb  3 2025 10:10:51
[Mon Mar 17 22:34:29.501370 2025] [core:notice] [pid 1356:tid 460] AH00094: Command line: 'c:\\iamyukino.cn\\apache24\\bin\\httpd.exe -d C:/iamyukino.cn/apache24'
[Mon Mar 17 22:34:29.505505 2025] [mpm_winnt:notice] [pid 1356:tid 460] AH00418: Parent: Created child process 13840
[Mon Mar 17 22:34:29.916768 2025] [mpm_winnt:notice] [pid 13840:tid 440] AH00354: Child: Starting 64 worker threads.
[Mon Mar 17 22:34:51.971221 2025] [core:crit] [pid 13840:tid 1096] [client 127.0.0.1:32662] AH00025: configuration error:  couldn't check user: /
[Mon Mar 17 22:37:08.643033 2025] [mpm_winnt:notice] [pid 1356:tid 460] AH00422: Parent: Received shutdown signal -- Shutting down the server.
[Mon Mar 17 22:37:10.661828 2025] [mpm_winnt:notice] [pid 13840:tid 440] AH00364: Child: All worker threads have exited.
[Mon Mar 17 22:37:10.683514 2025] [mpm_winnt:notice] [pid 1356:tid 460] AH00430: Parent: Child process 13840 exited successfully.
[Mon Mar 17 22:37:42.740194 2025] [mpm_winnt:notice] [pid 15256:tid 448] AH00455: Apache/2.4.63 (Win64) configured -- resuming normal operations
[Mon Mar 17 22:37:42.741603 2025] [mpm_winnt:notice] [pid 15256:tid 448] AH00456: Apache Lounge VS17 Server built: Feb  3 2025 10:10:51
[Mon Mar 17 22:37:42.741603 2025] [core:notice] [pid 15256:tid 448] AH00094: Command line: 'c:\\iamyukino.cn\\apache24\\bin\\httpd.exe -d C:/iamyukino.cn/apache24'
[Mon Mar 17 22:37:42.745089 2025] [mpm_winnt:notice] [pid 15256:tid 448] AH00418: Parent: Created child process 2636
[Mon Mar 17 22:37:43.179596 2025] [mpm_winnt:notice] [pid 2636:tid 460] AH00354: Child: Starting 64 worker threads.
[Mon Mar 17 22:44:27.893525 2025] [mpm_winnt:notice] [pid 15256:tid 448] AH00422: Parent: Received shutdown signal -- Shutting down the server.
[Mon Mar 17 22:44:29.905828 2025] [mpm_winnt:notice] [pid 2636:tid 460] AH00364: Child: All worker threads have exited.
[Mon Mar 17 22:44:29.929829 2025] [mpm_winnt:notice] [pid 15256:tid 448] AH00430: Parent: Child process 2636 exited successfully.
[Mon Mar 17 22:44:47.579185 2025] [mpm_winnt:notice] [pid 18112:tid 424] AH00455: Apache/2.4.63 (Win64) mod_wsgi/5.0.2 Python/3.13 configured -- resuming normal operations
[Mon Mar 17 22:44:47.580331 2025] [mpm_winnt:notice] [pid 18112:tid 424] AH00456: Apache Lounge VS17 Server built: Feb  3 2025 10:10:51
[Mon Mar 17 22:44:47.580331 2025] [core:notice] [pid 18112:tid 424] AH00094: Command line: 'c:\\iamyukino.cn\\apache24\\bin\\httpd.exe -d C:/iamyukino.cn/apache24'
[Mon Mar 17 22:44:47.584630 2025] [mpm_winnt:notice] [pid 18112:tid 424] AH00418: Parent: Created child process 15652
[Mon Mar 17 22:44:48.040253 2025] [mpm_winnt:notice] [pid 15652:tid 448] AH00354: Child: Starting 64 worker threads.
[Mon Mar 17 22:45:41.835534 2025] [mpm_winnt:notice] [pid 18112:tid 424] AH00422: Parent: Received shutdown signal -- Shutting down the server.
[Mon Mar 17 22:45:43.863923 2025] [mpm_winnt:notice] [pid 15652:tid 448] AH00364: Child: All worker threads have exited.
[Mon Mar 17 22:45:43.898216 2025] [mpm_winnt:notice] [pid 18112:tid 424] AH00430: Parent: Child process 15652 exited successfully.
[Mon Mar 17 22:45:56.781653 2025] [mpm_winnt:notice] [pid 17192:tid 424] AH00455: Apache/2.4.63 (Win64) mod_wsgi/5.0.2 Python/3.13 configured -- resuming normal operations
[Mon Mar 17 22:45:56.783093 2025] [mpm_winnt:notice] [pid 17192:tid 424] AH00456: Apache Lounge VS17 Server built: Feb  3 2025 10:10:51
[Mon Mar 17 22:45:56.783093 2025] [core:notice] [pid 17192:tid 424] AH00094: Command line: 'c:\\iamyukino.cn\\apache24\\bin\\httpd.exe -d C:/iamyukino.cn/apache24'
[Mon Mar 17 22:45:56.787788 2025] [mpm_winnt:notice] [pid 17192:tid 424] AH00418: Parent: Created child process 7272
[Mon Mar 17 22:45:57.248420 2025] [mpm_winnt:notice] [pid 7272:tid 440] AH00354: Child: Starting 64 worker threads.
[Mon Mar 17 22:47:38.837390 2025] [mpm_winnt:notice] [pid 17192:tid 424] AH00422: Parent: Received shutdown signal -- Shutting down the server.
[Mon Mar 17 22:47:40.858893 2025] [mpm_winnt:notice] [pid 7272:tid 440] AH00364: Child: All worker threads have exited.
[Mon Mar 17 22:47:40.972746 2025] [mpm_winnt:notice] [pid 17192:tid 424] AH00430: Parent: Child process 7272 exited successfully.
[Mon Mar 17 22:47:51.894616 2025] [mpm_winnt:notice] [pid 11784:tid 448] AH00455: Apache/2.4.63 (Win64) mod_wsgi/5.0.2 Python/3.13 configured -- resuming normal operations
[Mon Mar 17 22:47:51.894616 2025] [mpm_winnt:notice] [pid 11784:tid 448] AH00456: Apache Lounge VS17 Server built: Feb  3 2025 10:10:51
[Mon Mar 17 22:47:51.894616 2025] [core:notice] [pid 11784:tid 448] AH00094: Command line: 'c:\\iamyukino.cn\\apache24\\bin\\httpd.exe -d C:/iamyukino.cn/apache24'
[Mon Mar 17 22:47:51.899124 2025] [mpm_winnt:notice] [pid 11784:tid 448] AH00418: Parent: Created child process 20908
[Mon Mar 17 22:47:52.355122 2025] [mpm_winnt:notice] [pid 20908:tid 452] AH00354: Child: Starting 64 worker threads.
[Mon Mar 17 22:56:41.439855 2025] [mpm_winnt:notice] [pid 11784:tid 448] AH00422: Parent: Received shutdown signal -- Shutting down the server.
[Mon Mar 17 22:56:43.460273 2025] [mpm_winnt:notice] [pid 20908:tid 452] AH00364: Child: All worker threads have exited.
[Mon Mar 17 22:56:43.588043 2025] [mpm_winnt:notice] [pid 11784:tid 448] AH00430: Parent: Child process 20908 exited successfully.
[Mon Mar 17 22:56:54.476811 2025] [mpm_winnt:notice] [pid 20404:tid 444] AH00455: Apache/2.4.63 (Win64) mod_wsgi/5.0.2 Python/3.13 configured -- resuming normal operations
[Mon Mar 17 22:56:54.476811 2025] [mpm_winnt:notice] [pid 20404:tid 444] AH00456: Apache Lounge VS17 Server built: Feb  3 2025 10:10:51
[Mon Mar 17 22:56:54.476811 2025] [core:notice] [pid 20404:tid 444] AH00094: Command line: 'c:\\iamyukino.cn\\apache24\\bin\\httpd.exe -d C:/iamyukino.cn/apache24'
[Mon Mar 17 22:56:54.481403 2025] [mpm_winnt:notice] [pid 20404:tid 444] AH00418: Parent: Created child process 11560
[Mon Mar 17 22:56:54.937224 2025] [mpm_winnt:notice] [pid 11560:tid 452] AH00354: Child: Starting 64 worker threads.
[Mon Mar 17 22:57:48.675040 2025] [mpm_winnt:notice] [pid 20404:tid 444] AH00422: Parent: Received shutdown signal -- Shutting down the server.
[Mon Mar 17 22:57:50.688898 2025] [mpm_winnt:notice] [pid 11560:tid 452] AH00364: Child: All worker threads have exited.
[Mon Mar 17 22:57:50.730080 2025] [mpm_winnt:notice] [pid 20404:tid 444] AH00430: Parent: Child process 11560 exited successfully.
[Mon Mar 17 22:58:00.091041 2025] [mpm_winnt:notice] [pid 20180:tid 424] AH00455: Apache/2.4.63 (Win64) mod_wsgi/5.0.2 Python/3.13 configured -- resuming normal operations
[Mon Mar 17 22:58:00.092156 2025] [mpm_winnt:notice] [pid 20180:tid 424] AH00456: Apache Lounge VS17 Server built: Feb  3 2025 10:10:51
[Mon Mar 17 22:58:00.092156 2025] [core:notice] [pid 20180:tid 424] AH00094: Command line: 'c:\\iamyukino.cn\\apache24\\bin\\httpd.exe -d C:/iamyukino.cn/apache24'
[Mon Mar 17 22:58:00.095830 2025] [mpm_winnt:notice] [pid 20180:tid 424] AH00418: Parent: Created child process 2120
[Mon Mar 17 22:58:00.559633 2025] [mpm_winnt:notice] [pid 2120:tid 440] AH00354: Child: Starting 64 worker threads.
[Mon Mar 17 22:58:14.397182 2025] [mpm_winnt:notice] [pid 20180:tid 424] AH00422: Parent: Received shutdown signal -- Shutting down the server.
[Mon Mar 17 22:58:16.410911 2025] [mpm_winnt:notice] [pid 2120:tid 440] AH00364: Child: All worker threads have exited.
[Mon Mar 17 22:58:16.453002 2025] [mpm_winnt:notice] [pid 20180:tid 424] AH00430: Parent: Child process 2120 exited successfully.
